<?xml version="1.0" encoding="UTF-8" standalone="no"?>
<testsuite errors="0" failures="0" name="io.cucumber.core.plugin.JUnitFormatter" skipped="0" tests="2" time="18.29">
    <testcase classname="Google search functionality" name="Validate google search is working successfully" time="6.365">
        <system-out>
            <![CDATA[Given browser is open on device.............................................passed
And user is on google search page...........................................passed
When user enters a text in serach box.......................................passed
And hits enter..............................................................passed
Then user is navigated to the search results................................passed
]]>
        </system-out>
    </testcase>
    <testcase classname="Feature to test login funvctionality" name="Verify the login is successful with valid credentials" time="11.778">
        <system-out>
            <![CDATA[Given user is on login page.................................................passed
When user enters the username "bdtestautomationt@gmail.com".................passed
And click on the usenamenext button.........................................passed
When user enters password "Happy123#".......................................passed
And click on the passnext button............................................passed
Then user navigated to home page............................................passed
]]>
        </system-out>
    </testcase>
</testsuite>
