<?xml version="1.0" encoding="UTF-8" standalone="no"?>
<testsuite errors="0" failures="0" name="io.cucumber.core.plugin.JUnitFormatter" skipped="0" tests="1" time="0.155">
    <testcase classname="Feature to test login funvctionality" name="Verify the login is successful with valid credentials" time="0.043">
        <system-out><![CDATA[Given user is on login page.................................................passed
When user enters username and password......................................passed
And click on the login button...............................................passed
Then user navigated to home page............................................passed
]]></system-out>
    </testcase>
</testsuite>
